2020-11-05T12:59:57.520-0500	WARN	URL for Contrast UI is blank	{"progname": "Contrast Service", "URL": ""}
2020-11-05T12:59:57.520-0500	WARN	API key for Contrast UI is blank	{"progname": "Contrast Service", "URL": ""}
2020-11-05T12:59:57.520-0500	WARN	Service key for Contrast UI is blank	{"progname": "Contrast Service", "URL": ""}
2020-11-05T12:59:57.520-0500	WARN	User name for Contrast UI is blank	{"progname": "Contrast Service", "URL": ""}
2020-11-05T12:59:57.520-0500	WARN	URL path for production Contrast UI expects /Contrast context	{"progname": "Contrast Service", "URL": ""}
2020-11-05T12:59:57.521-0500	INFO	current configuration	{"progname": "Contrast Service", "yaml": "api:\n  url: \"\"\n  service_key: \"\"\n  api_key: \"\"\n  user_name: \"\"\nagent:\n  logger:\n    path: contrast_agent.log\n    level: DEBUG\n    metrics: \"true\"\n    progname: Contrast Service\n  service:\n    host: localhost\n    port: \"30555\"\n    logger:\n      path: contrast_service.log\n      level: INFO\n      stdout: \"true\"\n      progname: Contrast Service\ninventory: {}\nassess: {}\nprotect:\n  samples:\n    ineffective: \"50\"\n    blocked: \"25\"\n    exploited: \"100\"\n    blocked_at_perimeter: \"25\"\n  rules:\n    sql-injection:\n      detect_tautologies: \"false\"\n      detect_dangerous_functions: \"false\"\n      detect_chained_queries: \"false\"\n      detect_suspicious_unions: \"false\"\n      detecttautologies: false\n      detectdangerousfunctions: false\n      detectchainedqueries: false\n      detectsuspiciousunions: false\napplication:\n  name: root\n  path: /\nserver: {}\nyamlfilepath: \"\"\n"}
2020-11-05T12:59:57.521-0500	INFO	contrast-service: BUILD	{"progname": "Contrast Service", "version": "2.12.0", "buildTime": ""}
2020-11-05T12:59:57.521-0500	INFO	Building timer for orphan request cleanup	{"progname": "Contrast Service", "cleanupMs": 5000}
2020-11-05T12:59:57.521-0500	INFO	Building timer for orphan app cleanup	{"progname": "Contrast Service", "time": 5000}
2020-11-05T12:59:57.599-0500	INFO	Creating New Application Server	{"progname": "Contrast Service", "uuid": "cde4787e-22b9-41c5-a0d1-257a86429ced", "serverName": "abbb6665621c.mylabserver.com", "clientId": "10968", "pid": 10968}
2020-11-05T12:59:57.600-0500	ERROR	Error retrieving response	{"progname": "Contrast Service", "err": "Put \"/api/ng/servers/\": unsupported protocol scheme \"\""}
2020-11-05T12:59:57.600-0500	ERROR	Could not send agent startup	{"progname": "Contrast Service", "err": "Put \"/api/ng/servers/\": unsupported protocol scheme \"\""}
2020-11-05T12:59:57.600-0500	ERROR	Error in agent startup	{"progname": "Contrast Service", "err": "Put \"/api/ng/servers/\": unsupported protocol scheme \"\""}
2020-11-05T12:59:57.600-0500	ERROR	Error received while handling message	{"progname": "Contrast Service", "err": "Put \"/api/ng/servers/\": unsupported protocol scheme \"\""}
2020-11-05T12:59:57.609-0500	INFO	Creating new application	{"progname": "Contrast Service", "uuid": "cde4787e-22b9-41c5-a0d1-257a86429ced", "serverName": "abbb6665621c.mylabserver.com", "appName": "cicd-pipeline-train-schedule-git", "language": "Node", "clientId": "10968", "pid": 10968}
2020-11-05T12:59:57.609-0500	INFO	AppCreate: creating and initializing new application	{"progname": "Contrast Service", "uuid": "cde4787e-22b9-41c5-a0d1-257a86429ced", "server_name": "abbb6665621c.mylabserver.com", "app_name": "cicd-pipeline-train-schedule-git", "app_lang": "Node", "client_id": "10968", "pid": 10968}
2020-11-05T12:59:57.609-0500	ERROR	Error retrieving response	{"progname": "Contrast Service", "err": "Put \"/api/ng/applications/create\": unsupported protocol scheme \"\""}
2020-11-05T12:59:57.609-0500	ERROR	Could not send application create	{"progname": "Contrast Service", "err": "Put \"/api/ng/applications/create\": unsupported protocol scheme \"\""}
2020-11-05T12:59:57.609-0500	ERROR	Error received while handling message	{"progname": "Contrast Service", "err": "Put \"/api/ng/applications/create\": unsupported protocol scheme \"\""}
2020-11-05T13:00:27.619-0500	ERROR	Error retrieving response	{"progname": "Contrast Service", "err": "Post \"/agents/v1.0/applications/YWJiYjY2NjU2MjFjLm15bGFic2VydmVyLmNvbQ/L2hvbWUvY2xvdWRfdXNlci9jaWNkLXBpcGVsaW5lLXRyYWluLXNjaGVkdWxlLWplbmtpbnM/bm9kZS5qcyB2MTQuMTUuMA/Tm9kZQ/Y2ljZC1waXBlbGluZS10cmFpbi1zY2hlZHVsZS1naXQ/L2hvbWUvY2xvdWRfdXNlci9jaWNkLXBpcGVsaW5lLXRyYWluLXNjaGVkdWxlLWplbmtpbnMvcGFja2FnZS5qc29u/heartbeat\": unsupported protocol scheme \"\""}
2020-11-05T13:00:27.619-0500	ERROR	Could not send poll	{"progname": "Contrast Service", "err": "Post \"/agents/v1.0/applications/YWJiYjY2NjU2MjFjLm15bGFic2VydmVyLmNvbQ/L2hvbWUvY2xvdWRfdXNlci9jaWNkLXBpcGVsaW5lLXRyYWluLXNjaGVkdWxlLWplbmtpbnM/bm9kZS5qcyB2MTQuMTUuMA/Tm9kZQ/Y2ljZC1waXBlbGluZS10cmFpbi1zY2hlZHVsZS1naXQ/L2hvbWUvY2xvdWRfdXNlci9jaWNkLXBpcGVsaW5lLXRyYWluLXNjaGVkdWxlLWplbmtpbnMvcGFja2FnZS5qc29u/heartbeat\": unsupported protocol scheme \"\"", "code": 0}
2020-11-05T13:00:27.619-0500	ERROR	Error received while handling message	{"progname": "Contrast Service", "err": "Post \"/agents/v1.0/applications/YWJiYjY2NjU2MjFjLm15bGFic2VydmVyLmNvbQ/L2hvbWUvY2xvdWRfdXNlci9jaWNkLXBpcGVsaW5lLXRyYWluLXNjaGVkdWxlLWplbmtpbnM/bm9kZS5qcyB2MTQuMTUuMA/Tm9kZQ/Y2ljZC1waXBlbGluZS10cmFpbi1zY2hlZHVsZS1naXQ/L2hvbWUvY2xvdWRfdXNlci9jaWNkLXBpcGVsaW5lLXRyYWluLXNjaGVkdWxlLWplbmtpbnMvcGFja2FnZS5qc29u/heartbeat\": unsupported protocol scheme \"\""}
2020-11-05T13:00:45.738-0500	INFO	cleaning signal. cleaning up and shutting down	{"progname": "Contrast Service", "signal": "interrupt"}
2020-11-05T13:01:05.824-0500	ERROR	Rules: getJsonContent file open err	{"progname": "Contrast Service", "filePath": "/xxe/keywords.json", "error": "file does not exist"}
2020-11-05T13:01:05.825-0500	ERROR	Rules: getJsonContent file open err	{"progname": "Contrast Service", "filePath": "/xxe/patterns.json", "error": "file does not exist"}
2020-11-05T13:01:05.825-0500	ERROR	Error when creating rule for	{"progname": "Contrast Service", "ruleID": "xxe", "err": "no such rule type: xxe"}
2020-11-05T13:01:05.836-0500	ERROR	Rules: getJsonContent file open err	{"progname": "Contrast Service", "filePath": "/method-tampering/keywords.json", "error": "file does not exist"}
2020-11-05T13:01:05.837-0500	ERROR	Rules: getJsonContent file open err	{"progname": "Contrast Service", "filePath": "/method-tampering/patterns.json", "error": "file does not exist"}
2020-11-05T13:01:05.841-0500	ERROR	Rules: getJsonContent file open err	{"progname": "Contrast Service", "filePath": "/cmd-injection-command-backdoors/keywords.json", "error": "file does not exist"}
2020-11-05T13:01:05.842-0500	ERROR	Rules: getJsonContent file open err	{"progname": "Contrast Service", "filePath": "/cmd-injection-command-backdoors/patterns.json", "error": "file does not exist"}
2020-11-05T13:01:05.842-0500	ERROR	Error when creating rule for	{"progname": "Contrast Service", "ruleID": "cmd-injection-command-backdoors", "err": "no such rule type: cmd-injection-command-backdoors"}
2020-11-05T13:01:05.843-0500	ERROR	Rules: getJsonContent file open err	{"progname": "Contrast Service", "filePath": "/cmd-injection-semantic-chained-commands/keywords.json", "error": "file does not exist"}
2020-11-05T13:01:05.844-0500	ERROR	Rules: getJsonContent file open err	{"progname": "Contrast Service", "filePath": "/cmd-injection-semantic-chained-commands/patterns.json", "error": "file does not exist"}
2020-11-05T13:01:05.844-0500	ERROR	Error when creating rule for	{"progname": "Contrast Service", "ruleID": "cmd-injection-semantic-chained-commands", "err": "no such rule type: cmd-injection-semantic-chained-commands"}
2020-11-05T13:01:05.845-0500	ERROR	Rules: getJsonContent file open err	{"progname": "Contrast Service", "filePath": "/cmd-injection-semantic-dangerous-paths/keywords.json", "error": "file does not exist"}
2020-11-05T13:01:05.846-0500	ERROR	Rules: getJsonContent file open err	{"progname": "Contrast Service", "filePath": "/cmd-injection-semantic-dangerous-paths/patterns.json", "error": "file does not exist"}
2020-11-05T13:01:05.846-0500	ERROR	Error when creating rule for	{"progname": "Contrast Service", "ruleID": "cmd-injection-semantic-dangerous-paths", "err": "no such rule type: cmd-injection-semantic-dangerous-paths"}
2020-11-05T13:02:47.601-0500	ERROR	Rules: getJsonContent file open err	{"progname": "Contrast Service", "filePath": "/xxe/keywords.json", "error": "file does not exist"}
2020-11-05T13:02:47.602-0500	ERROR	Rules: getJsonContent file open err	{"progname": "Contrast Service", "filePath": "/xxe/patterns.json", "error": "file does not exist"}
2020-11-05T13:02:47.602-0500	ERROR	Error when creating rule for	{"progname": "Contrast Service", "ruleID": "xxe", "err": "no such rule type: xxe"}
2020-11-05T13:02:47.616-0500	ERROR	Rules: getJsonContent file open err	{"progname": "Contrast Service", "filePath": "/method-tampering/keywords.json", "error": "file does not exist"}
2020-11-05T13:02:47.617-0500	ERROR	Rules: getJsonContent file open err	{"progname": "Contrast Service", "filePath": "/method-tampering/patterns.json", "error": "file does not exist"}
2020-11-05T13:02:47.620-0500	ERROR	Rules: getJsonContent file open err	{"progname": "Contrast Service", "filePath": "/cmd-injection-command-backdoors/keywords.json", "error": "file does not exist"}
2020-11-05T13:02:47.620-0500	ERROR	Rules: getJsonContent file open err	{"progname": "Contrast Service", "filePath": "/cmd-injection-command-backdoors/patterns.json", "error": "file does not exist"}
2020-11-05T13:02:47.620-0500	ERROR	Error when creating rule for	{"progname": "Contrast Service", "ruleID": "cmd-injection-command-backdoors", "err": "no such rule type: cmd-injection-command-backdoors"}
2020-11-05T13:02:47.621-0500	ERROR	Rules: getJsonContent file open err	{"progname": "Contrast Service", "filePath": "/cmd-injection-semantic-chained-commands/keywords.json", "error": "file does not exist"}
2020-11-05T13:02:47.622-0500	ERROR	Rules: getJsonContent file open err	{"progname": "Contrast Service", "filePath": "/cmd-injection-semantic-chained-commands/patterns.json", "error": "file does not exist"}
2020-11-05T13:02:47.622-0500	ERROR	Error when creating rule for	{"progname": "Contrast Service", "ruleID": "cmd-injection-semantic-chained-commands", "err": "no such rule type: cmd-injection-semantic-chained-commands"}
2020-11-05T13:02:47.623-0500	ERROR	Rules: getJsonContent file open err	{"progname": "Contrast Service", "filePath": "/cmd-injection-semantic-dangerous-paths/keywords.json", "error": "file does not exist"}
2020-11-05T13:02:47.623-0500	ERROR	Rules: getJsonContent file open err	{"progname": "Contrast Service", "filePath": "/cmd-injection-semantic-dangerous-paths/patterns.json", "error": "file does not exist"}
2020-11-05T13:02:47.623-0500	ERROR	Error when creating rule for	{"progname": "Contrast Service", "ruleID": "cmd-injection-semantic-dangerous-paths", "err": "no such rule type: cmd-injection-semantic-dangerous-paths"}
2020-11-05T13:17:59.722-0500	ERROR	Rules: getJsonContent file open err	{"progname": "Contrast Service", "filePath": "/xxe/keywords.json", "error": "file does not exist"}
2020-11-05T13:17:59.724-0500	ERROR	Rules: getJsonContent file open err	{"progname": "Contrast Service", "filePath": "/xxe/patterns.json", "error": "file does not exist"}
2020-11-05T13:17:59.724-0500	ERROR	Error when creating rule for	{"progname": "Contrast Service", "ruleID": "xxe", "err": "no such rule type: xxe"}
2020-11-05T13:17:59.737-0500	ERROR	Rules: getJsonContent file open err	{"progname": "Contrast Service", "filePath": "/method-tampering/keywords.json", "error": "file does not exist"}
2020-11-05T13:17:59.738-0500	ERROR	Rules: getJsonContent file open err	{"progname": "Contrast Service", "filePath": "/method-tampering/patterns.json", "error": "file does not exist"}
2020-11-05T13:17:59.741-0500	ERROR	Rules: getJsonContent file open err	{"progname": "Contrast Service", "filePath": "/cmd-injection-command-backdoors/keywords.json", "error": "file does not exist"}
2020-11-05T13:17:59.742-0500	ERROR	Rules: getJsonContent file open err	{"progname": "Contrast Service", "filePath": "/cmd-injection-command-backdoors/patterns.json", "error": "file does not exist"}
2020-11-05T13:17:59.742-0500	ERROR	Error when creating rule for	{"progname": "Contrast Service", "ruleID": "cmd-injection-command-backdoors", "err": "no such rule type: cmd-injection-command-backdoors"}
2020-11-05T13:17:59.742-0500	ERROR	Rules: getJsonContent file open err	{"progname": "Contrast Service", "filePath": "/cmd-injection-semantic-chained-commands/keywords.json", "error": "file does not exist"}
2020-11-05T13:17:59.743-0500	ERROR	Rules: getJsonContent file open err	{"progname": "Contrast Service", "filePath": "/cmd-injection-semantic-chained-commands/patterns.json", "error": "file does not exist"}
2020-11-05T13:17:59.743-0500	ERROR	Error when creating rule for	{"progname": "Contrast Service", "ruleID": "cmd-injection-semantic-chained-commands", "err": "no such rule type: cmd-injection-semantic-chained-commands"}
2020-11-05T13:17:59.744-0500	ERROR	Rules: getJsonContent file open err	{"progname": "Contrast Service", "filePath": "/cmd-injection-semantic-dangerous-paths/keywords.json", "error": "file does not exist"}
2020-11-05T13:17:59.745-0500	ERROR	Rules: getJsonContent file open err	{"progname": "Contrast Service", "filePath": "/cmd-injection-semantic-dangerous-paths/patterns.json", "error": "file does not exist"}
2020-11-05T13:17:59.745-0500	ERROR	Error when creating rule for	{"progname": "Contrast Service", "ruleID": "cmd-injection-semantic-dangerous-paths", "err": "no such rule type: cmd-injection-semantic-dangerous-paths"}
